{"/Users/wson/Desktop/blog-code/jest/src/basic.js": {"path":"/Users/wson/Desktop/blog-code/jest/src/basic.js","statementMap":{"0":{"start":{"line":3,"column":2},"end":{"line":3,"column":25}},"1":{"start":{"line":8,"column":2},"end":{"line":14,"column":3}},"2":{"start":{"line":8,"column":15},"end":{"line":8,"column":16}},"3":{"start":{"line":9,"column":5},"end":{"line":13,"column":6}},"4":{"start":{"line":9,"column":18},"end":{"line":9,"column":23}},"5":{"start":{"line":10,"column":9},"end":{"line":12,"column":10}},"6":{"start":{"line":11,"column":13},"end":{"line":11,"column":24}},"7":{"start":{"line":15,"column":2},"end":{"line":15,"column":14}}},"fnMap":{"0":{"name":"findMax","decl":{"start":{"line":2,"column":16},"end":{"line":2,"column":23}},"loc":{"start":{"line":2,"column":30},"end":{"line":4,"column":1}},"line":2},"1":{"name":"twoSum","decl":{"start":{"line":7,"column":16},"end":{"line":7,"column":22}},"loc":{"start":{"line":7,"column":38},"end":{"line":16,"column":1}},"line":7}},"branchMap":{"0":{"loc":{"start":{"line":10,"column":9},"end":{"line":12,"column":10}},"type":"if","locations":[{"start":{"line":10,"column":9},"end":{"line":12,"column":10}},{"start":{},"end":{}}],"line":10}},"s":{"0":1,"1":1,"2":1,"3":3,"4":3,"5":6,"6":1,"7":0},"f":{"0":1,"1":1},"b":{"0":[1,5]},"_coverageSchema":"1a1c01bbd47fc00a2c39e90264f33305004495a9","hash":"c479e89537e82fee543eab19d90233f2c10fed90"}
}
